2025-08-02 08:12:02,714 - WARNING - MainThread - Xet Storage is enabled for this repo, but the 'hf_xet' package is not installed. Falling back to regular HTTP download. For better performance, install the package with: `pip install huggingface_hub[hf_xet]` or `pip install hf_xet`
2025-08-02 08:14:40,991 - INFO - MainThread - \u062a\u0645 \u062a\u0647\u064a\u0626\u0629 \u0627\u0644\u0645\u0633\u0627\u0639\u062f \u0627\u0644\u0643\u0648\u0646\u064a \u0627\u0644\u062d\u0643\u064a\u0645 \u0628\u0646\u062c\u0627\u062d
2025-08-02 08:21:17,035 - ERROR - MainThread - Emotion analysis error: \u0644\u0645 \u064a\u062a\u0645 \u062a\u0647\u064a\u0626\u0629 \u0645\u062d\u0631\u0643\u0627\u062a \u0627\u0644\u0645\u0634\u0627\u0639\u0631
2025-08-02 08:21:29,505 - INFO - MainThread - Encrypted response for \u0627\u062d\u0645\u062f: b'\x8e\xe04\xc0|\xad~\xf6\xcfG\xf9{3\xd5\xf9\xc0h+\xceA'...
2025-08-02 08:23:41,446 - ERROR - MainThread - Emotion analysis error: \u0644\u0645 \u064a\u062a\u0645 \u062a\u0647\u064a\u0626\u0629 \u0645\u062d\u0631\u0643\u0627\u062a \u0627\u0644\u0645\u0634\u0627\u0639\u0631
2025-08-02 08:23:53,187 - INFO - MainThread - Encrypted response for \u0627\u062d\u0645\u062f: b'\x8e\xe04\xc0|\xad~\xf6\xcfG\xf9{3\xd5\x01\xbe5@\xb0\xe4'...
2025-08-02 08:24:17,655 - ERROR - MainThread - Emotion analysis error: \u0644\u0645 \u064a\u062a\u0645 \u062a\u0647\u064a\u0626\u0629 \u0645\u062d\u0631\u0643\u0627\u062a \u0627\u0644\u0645\u0634\u0627\u0639\u0631
2025-08-02 08:24:29,148 - INFO - MainThread - Encrypted response for \u0627\u062d\u0645\u062f: b'\x8e\xe04\xc0|\xad~\xf6\xcfG\xf9{3\xd5\x00\x9c5TI\xb9'...
2025-08-02 08:29:00,357 - ERROR - MainThread - Emotion analysis error: \u0644\u0645 \u064a\u062a\u0645 \u062a\u0647\u064a\u0626\u0629 \u0645\u062d\u0631\u0643\u0627\u062a \u0627\u0644\u0645\u0634\u0627\u0639\u0631
2025-08-02 08:29:00,560 - INFO - MainThread - Encrypted response for \u0627\u062d\u0645\u062f: b'\x8e\xe06\xc1WU\x01\x96\x93\x1a\xac\xd2\xd0p\x00\x9f\xcd*\xec\xb9'...
2025-08-02 08:29:17,989 - ERROR - MainThread - Emotion analysis error: \u0644\u0645 \u064a\u062a\u0645 \u062a\u0647\u064a\u0626\u0629 \u0645\u062d\u0631\u0643\u0627\u062a \u0627\u0644\u0645\u0634\u0627\u0639\u0631
2025-08-02 08:29:29,685 - INFO - MainThread - Encrypted response for \u0627\u062d\u0645\u062f: b'\x8e\xe04\xc0|\xad~\xf6\xcfG\xf9{3\xd5\x00\x9c5TI\xb9'...
2025-08-02 08:29:47,175 - ERROR - MainThread - Emotion analysis error: \u0644\u0645 \u064a\u062a\u0645 \u062a\u0647\u064a\u0626\u0629 \u0645\u062d\u0631\u0643\u0627\u062a \u0627\u0644\u0645\u0634\u0627\u0639\u0631
2025-08-02 08:29:58,645 - INFO - MainThread - Encrypted response for \u0627\u062d\u0645\u062f: b'\x8e\xe04\xc0|\xad~\xf6\xcfG\xf9{3\xd5\x00\x9c5TI\xb8'...
2025-08-02 08:32:16,459 - ERROR - MainThread - Emotion analysis error: \u0644\u0645 \u064a\u062a\u0645 \u062a\u0647\u064a\u0626\u0629 \u0645\u062d\u0631\u0643\u0627\u062a \u0627\u0644\u0645\u0634\u0627\u0639\u0631
2025-08-02 08:32:27,619 - INFO - MainThread - Encrypted response for \u0627\u062d\u0645\u062f: b'\x8e\xe04\xc0|\xad~\xf6\xcfG\xf9{3\xd5\x00\x9c5TI\xb8'...
2025-08-02 08:32:41,462 - ERROR - MainThread - Emotion analysis error: \u0644\u0645 \u064a\u062a\u0645 \u062a\u0647\u064a\u0626\u0629 \u0645\u062d\u0631\u0643\u0627\u062a \u0627\u0644\u0645\u0634\u0627\u0639\u0631
2025-08-02 08:32:52,663 - INFO - MainThread - Encrypted response for \u0627\u062d\u0645\u062f: b'\x8e\xe04\xc0|\xad~\xf6\xcfG\xf9{3\xd5\x00\x9c5TI\xb8'...
2025-08-02 08:32:57,297 - ERROR - MainThread - Emotion analysis error: \u0644\u0645 \u064a\u062a\u0645 \u062a\u0647\u064a\u0626\u0629 \u0645\u062d\u0631\u0643\u0627\u062a \u0627\u0644\u0645\u0634\u0627\u0639\u0631
2025-08-02 08:33:08,468 - INFO - MainThread - Encrypted response for \u0627\u062d\u0645\u062f: b'\x8e\xe04\xc0|\xad~\xf6\xcfG\xf9{3\xd5\x00\x9c5TI\xb8'...
2025-08-02 08:33:32,972 - ERROR - MainThread - Emotion analysis error: \u0644\u0645 \u064a\u062a\u0645 \u062a\u0647\u064a\u0626\u0629 \u0645\u062d\u0631\u0643\u0627\u062a \u0627\u0644\u0645\u0634\u0627\u0639\u0631
2025-08-02 08:33:43,996 - INFO - MainThread - Encrypted response for \u0627\u062d\u0645\u062f: b'\x8e\xe04\xc0|\xad~\xf6\xcfG\xf9{3\xd5\x00\x9c5TI\xb8'...
2025-08-02 08:33:52,753 - ERROR - MainThread - Emotion analysis error: \u0644\u0645 \u064a\u062a\u0645 \u062a\u0647\u064a\u0626\u0629 \u0645\u062d\u0631\u0643\u0627\u062a \u0627\u0644\u0645\u0634\u0627\u0639\u0631
2025-08-02 08:34:04,065 - INFO - MainThread - Encrypted response for \u0627\u062d\u0645\u062f: b'\x8e\xe04\xc0|\xad~\xf6\xcfG\xf9{3\xd5\x00\x9c5TI\xb8'...
2025-08-02 08:34:08,332 - ERROR - MainThread - Emotion analysis error: \u0644\u0645 \u064a\u062a\u0645 \u062a\u0647\u064a\u0626\u0629 \u0645\u062d\u0631\u0643\u0627\u062a \u0627\u0644\u0645\u0634\u0627\u0639\u0631
2025-08-02 08:34:19,409 - INFO - MainThread - Encrypted response for \u0627\u062d\u0645\u062f: b'\x8e\xe04\xc0|\xad~\xf6\xcfG\xf9{3\xd5\x00\x9c5TI\xb8'...
2025-08-02 08:34:22,501 - ERROR - MainThread - Emotion analysis error: \u0644\u0645 \u064a\u062a\u0645 \u062a\u0647\u064a\u0626\u0629 \u0645\u062d\u0631\u0643\u0627\u062a \u0627\u0644\u0645\u0634\u0627\u0639\u0631
2025-08-02 08:34:33,602 - INFO - MainThread - Encrypted response for \u0627\u062d\u0645\u062f: b'\x8e\xe04\xc0|\xad~\xf6\xcfG\xf9{3\xd5\x00\x9c5TI\xb8'...
2025-08-02 08:37:49,568 - ERROR - MainThread - Emotion analysis error: \u0644\u0645 \u064a\u062a\u0645 \u062a\u0647\u064a\u0626\u0629 \u0645\u062d\u0631\u0643\u0627\u062a \u0627\u0644\u0645\u0634\u0627\u0639\u0631
2025-08-02 08:37:49,798 - INFO - MainThread - Encrypted response for \u0627\u062d\u0645\u062f: b'\x8e\xe0&\xc0}T"\x97\xb1\x1a\xa2+\x83-~\xc1G\xd3\xb1\xc6'...
2025-08-02 08:38:11,212 - ERROR - MainThread - Emotion analysis error: \u0644\u0645 \u064a\u062a\u0645 \u062a\u0647\u064a\u0626\u0629 \u0645\u062d\u0631\u0643\u0627\u062a \u0627\u0644\u0645\u0634\u0627\u0639\u0631
2025-08-02 08:38:22,924 - INFO - MainThread - Encrypted response for \u0627\u062d\u0645\u062f: b'\x8e\xe04\xc0|\xad~\xf6\xcfG\xf9{3\xd5\x00\x9c5TI\xb9'...
2025-08-02 08:40:45,523 - INFO - MainThread - \u062a\u0645 \u062a\u0647\u064a\u0626\u0629 \u0627\u0644\u0645\u0633\u0627\u0639\u062f \u0627\u0644\u0643\u0648\u0646\u064a \u0627\u0644\u062d\u0643\u064a\u0645 \u0628\u0646\u062c\u0627\u062d
2025-08-02 08:41:40,731 - ERROR - MainThread - Emotion analysis error: \u0644\u0645 \u064a\u062a\u0645 \u062a\u0647\u064a\u0626\u0629 \u0645\u062d\u0631\u0643\u0627\u062a \u0627\u0644\u0645\u0634\u0627\u0639\u0631
2025-08-02 08:41:52,682 - INFO - MainThread - Encrypted response for \u0627\u062d\u0645\u062f: b'\xbb{\x87u$\x03[\xbe\x9f&g\xa6\xa5T\x89"\xc6\xea\x9e\x07'...
2025-08-02 08:42:57,183 - ERROR - MainThread - Emotion analysis error: \u0644\u0645 \u064a\u062a\u0645 \u062a\u0647\u064a\u0626\u0629 \u0645\u062d\u0631\u0643\u0627\u062a \u0627\u0644\u0645\u0634\u0627\u0639\u0631
2025-08-02 08:42:57,184 - INFO - MainThread - Encrypted response for \u0627\u062d\u0645\u062f: b'\xbb{\x85t\x0f\xfb$\xde\xc3{2\x0fF\xf1\x89!>\x94;\x07'...
2025-08-02 08:44:00,393 - ERROR - MainThread - Emotion analysis error: \u0644\u0645 \u064a\u062a\u0645 \u062a\u0647\u064a\u0626\u0629 \u0645\u062d\u0631\u0643\u0627\u062a \u0627\u0644\u0645\u0634\u0627\u0639\u0631
2025-08-02 08:44:11,371 - INFO - MainThread - Encrypted response for \u0627\u062d\u0645\u062f: b'\xbb{\x87u$\x03[\xbe\x9f&g\xa6\xa5T\x89"\xc6\xea\x9e\x06'...
2025-08-02 08:44:55,145 - ERROR - MainThread - Emotion analysis error: \u0644\u0645 \u064a\u062a\u0645 \u062a\u0647\u064a\u0626\u0629 \u0645\u062d\u0631\u0643\u0627\u062a \u0627\u0644\u0645\u0634\u0627\u0639\u0631
2025-08-02 08:45:06,186 - INFO - MainThread - Encrypted response for \u0627\u062d\u0645\u062f: b'\xbb{\x87u$\x03[\xbe\x9f&g\xa6\xa5T\x89"\xc6\xea\x9e\x06'...
2025-08-02 08:45:10,099 - ERROR - MainThread - Emotion analysis error: \u0644\u0645 \u064a\u062a\u0645 \u062a\u0647\u064a\u0626\u0629 \u0645\u062d\u0631\u0643\u0627\u062a \u0627\u0644\u0645\u0634\u0627\u0639\u0631
2025-08-02 08:45:21,031 - INFO - MainThread - Encrypted response for \u0627\u062d\u0645\u062f: b'\xbb{\x87u$\x03[\xbe\x9f&g\xa6\xa5T\x89"\xc6\xea\x9e\x06'...
2025-08-02 08:45:27,047 - ERROR - MainThread - Emotion analysis error: \u0644\u0645 \u064a\u062a\u0645 \u062a\u0647\u064a\u0626\u0629 \u0645\u062d\u0631\u0643\u0627\u062a \u0627\u0644\u0645\u0634\u0627\u0639\u0631
2025-08-02 08:45:37,981 - INFO - MainThread - Encrypted response for \u0627\u062d\u0645\u062f: b'\xbb{\x87u$\x03[\xbe\x9f&g\xa6\xa5T\x89"\xc6\xea\x9e\x06'...
2025-08-02 08:50:18,404 - ERROR - MainThread - Emotion analysis error: \u0644\u0645 \u064a\u062a\u0645 \u062a\u0647\u064a\u0626\u0629 \u0645\u062d\u0631\u0643\u0627\u062a \u0627\u0644\u0645\u0634\u0627\u0639\u0631
2025-08-02 08:50:18,405 - INFO - MainThread - Encrypted response for \u0627\u062d\u0645\u062f: b'\xbbz\xb3u:\xfb.\xdf\xee{5\xf78T\x88\x0f\xc7\xce\x9e\x06'...
2025-08-02 08:51:15,747 - ERROR - MainThread - Emotion analysis error: \u0644\u0645 \u064a\u062a\u0645 \u062a\u0647\u064a\u0626\u0629 \u0645\u062d\u0631\u0643\u0627\u062a \u0627\u0644\u0645\u0634\u0627\u0639\u0631
2025-08-02 08:51:15,748 - INFO - MainThread - Encrypted response for \u0627\u062d\u0645\u062f: b'\xbb{\x95t\x0c\xfa\x07\xde\xcdz\x19\x0fF\xfc\x88\x14\xc7\xcag['...
2025-08-02 08:51:23,146 - ERROR - MainThread - Emotion analysis error: \u0644\u0645 \u064a\u062a\u0645 \u062a\u0647\u064a\u0626\u0629 \u0645\u062d\u0631\u0643\u0627\u062a \u0627\u0644\u0645\u0634\u0627\u0639\u0631
2025-08-02 08:51:23,146 - INFO - MainThread - Encrypted response for \u0627\u062d\u0645\u062f: b'\xbb{\x85t\x0f\xfb$\xde\xc3{2\x0fF\xf1\x89!>\x94;\x07'...
2025-08-02 08:51:27,528 - ERROR - MainThread - Emotion analysis error: \u0644\u0645 \u064a\u062a\u0645 \u062a\u0647\u064a\u0626\u0629 \u0645\u062d\u0631\u0643\u0627\u062a \u0627\u0644\u0645\u0634\u0627\u0639\u0631
2025-08-02 08:51:27,529 - INFO - MainThread - Encrypted response for \u0627\u062d\u0645\u062f: b'\xbb{\x85t\x0f\xfb$\xde\xc3{2\x0fF\xf1\x89!>\x94;\x07'...
2025-08-02 08:51:46,218 - ERROR - MainThread - Emotion analysis error: \u0644\u0645 \u064a\u062a\u0645 \u062a\u0647\u064a\u0626\u0629 \u0645\u062d\u0631\u0643\u0627\u062a \u0627\u0644\u0645\u0634\u0627\u0639\u0631
2025-08-02 08:51:56,400 - INFO - MainThread - Encrypted response for \u0627\u062d\u0645\u062f: b'\xbb{\x87u$\x03[\xbe\x9f&g\xa6\xa5T\x88\x13\xc7\xc9gW'...
2025-08-02 08:52:17,799 - ERROR - MainThread - Emotion analysis error: \u0644\u0645 \u064a\u062a\u0645 \u062a\u0647\u064a\u0626\u0629 \u0645\u062d\u0631\u0643\u0627\u062a \u0627\u0644\u0645\u0634\u0627\u0639\u0631
2025-08-02 08:52:29,522 - INFO - MainThread - Encrypted response for \u0627\u062d\u0645\u062f: b'\xbb{\x87u$\x03[\xbe\x9f&g\xa6\xa5T\x88\x00\xc7\xcefu'...
2025-08-02 08:52:35,847 - ERROR - MainThread - Emotion analysis error: \u0644\u0645 \u064a\u062a\u0645 \u062a\u0647\u064a\u0626\u0629 \u0645\u062d\u0631\u0643\u0627\u062a \u0627\u0644\u0645\u0634\u0627\u0639\u0631
2025-08-02 08:52:47,244 - INFO - MainThread - Encrypted response for \u0627\u062d\u0645\u062f: b'\xbb{\x87u$\x03[\xbe\x9f&g\xa6\xa5T\x88\x00\xc7\xcefu'...
2025-08-02 08:52:52,792 - ERROR - MainThread - Emotion analysis error: \u0644\u0645 \u064a\u062a\u0645 \u062a\u0647\u064a\u0626\u0629 \u0645\u062d\u0631\u0643\u0627\u062a \u0627\u0644\u0645\u0634\u0627\u0639\u0631
2025-08-02 08:53:04,237 - INFO - MainThread - Encrypted response for \u0627\u062d\u0645\u062f: b'\xbb{\x87u$\x03[\xbe\x9f&g\xa6\xa5T\x88\x00\xc7\xcefu'...
2025-08-02 08:53:20,279 - ERROR - MainThread - Emotion analysis error: \u0644\u0645 \u064a\u062a\u0645 \u062a\u0647\u064a\u0626\u0629 \u0645\u062d\u0631\u0643\u0627\u062a \u0627\u0644\u0645\u0634\u0627\u0639\u0631
2025-08-02 08:53:31,261 - INFO - MainThread - Encrypted response for \u0627\u062d\u0645\u062f: b'\xbb{\x87u$\x03[\xbe\x9f&g\xa6\xa5T\x89"\xc6\xf4gY'...
2025-08-02 08:59:41,292 - ERROR - MainThread - Emotion analysis error: \u0644\u0645 \u064a\u062a\u0645 \u062a\u0647\u064a\u0626\u0629 \u0645\u062d\u0631\u0643\u0627\u062a \u0627\u0644\u0645\u0634\u0627\u0639\u0631
2025-08-02 08:59:52,571 - INFO - MainThread - Encrypted response for \u0627\u062d\u0645\u062f: b'\xbb{\x87u$\x03[\xbe\x9f&g\xa6\xa5T\x89$\xc7\xc7g^'...
2025-08-02 09:10:52,693 - ERROR - MainThread - Emotion analysis error: \u0644\u0645 \u064a\u062a\u0645 \u062a\u0647\u064a\u0626\u0629 \u0645\u062d\u0631\u0643\u0627\u062a \u0627\u0644\u0645\u0634\u0627\u0639\u0631
2025-08-02 09:10:55,365 - INFO - MainThread - Encrypted response for \u0627\u062d\u0645\u062f: b'\xbb{\x87u$\x03[\xbe\x9f&g\xa6\xa5Tp\x7f\xb9\x94=\x07'...
2025-08-02 09:13:46,793 - ERROR - MainThread - Emotion analysis error: \u0644\u0645 \u064a\u062a\u0645 \u062a\u0647\u064a\u0626\u0629 \u0645\u062d\u0631\u0643\u0627\u062a \u0627\u0644\u0645\u0634\u0627\u0639\u0631
2025-08-02 09:13:53,135 - INFO - MainThread - Encrypted response for \u0627\u062d\u0645\u062f: b'\xbb{\x87u$\x03[\xbe\x9f&g\xa6\xa5T\x88\x00\xc6\xfegZ'...
2025-08-02 09:14:02,381 - ERROR - MainThread - Emotion analysis error: \u0644\u0645 \u064a\u062a\u0645 \u062a\u0647\u064a\u0626\u0629 \u0645\u062d\u0631\u0643\u0627\u062a \u0627\u0644\u0645\u0634\u0627\u0639\u0631
2025-08-02 09:14:09,180 - INFO - MainThread - Encrypted response for \u0627\u062d\u0645\u062f: b'\xbb{\x87u$\x03[\xbe\x9f&g\xa6\xa5T\x88\x00\xc6\xfegZ'...
2025-08-02 09:15:13,553 - ERROR - MainThread - Emotion analysis error: \u0644\u0645 \u064a\u062a\u0645 \u062a\u0647\u064a\u0626\u0629 \u0645\u062d\u0631\u0643\u0627\u062a \u0627\u0644\u0645\u0634\u0627\u0639\u0631
2025-08-02 09:15:19,530 - INFO - MainThread - Encrypted response for \u0627\u062d\u0645\u062f: b'\xbb{\x87u$\x03[\xbe\x9f&g\xa6\xa5T\x89"\xc6\xea\x9e\x07'...
2025-08-02 09:15:35,751 - ERROR - MainThread - Emotion analysis error: \u0644\u0645 \u064a\u062a\u0645 \u062a\u0647\u064a\u0626\u0629 \u0645\u062d\u0631\u0643\u0627\u062a \u0627\u0644\u0645\u0634\u0627\u0639\u0631
2025-08-02 09:15:41,079 - INFO - MainThread - Encrypted response for \u0627\u062d\u0645\u062f: b'\xbb{\x87u$\x03[\xbe\x9f&g\xa6\xa5T\x888>\xa2\x05E'...
2025-08-02 09:19:52,770 - ERROR - MainThread - Emotion analysis error: \u0644\u0645 \u064a\u062a\u0645 \u062a\u0647\u064a\u0626\u0629 \u0645\u062d\u0631\u0643\u0627\u062a \u0627\u0644\u0645\u0634\u0627\u0639\u0631
2025-08-02 09:20:00,709 - INFO - MainThread - Encrypted response for \u0627\u062d\u0645\u062f: b'\xbb{\x87u$\x03[\xbe\x9f&g\xa6\xa5T\x89"\xc6\xea\x9e\x07'...
2025-08-02 09:20:34,477 - ERROR - MainThread - Emotion analysis error: \u0644\u0645 \u064a\u062a\u0645 \u062a\u0647\u064a\u0626\u0629 \u0645\u062d\u0631\u0643\u0627\u062a \u0627\u0644\u0645\u0634\u0627\u0639\u0631
2025-08-02 09:20:43,574 - INFO - MainThread - Encrypted response for \u0627\u062d\u0645\u062f: b'\xbb{\x87u$\x03[\xbe\x9f&g\xa6\xa5T\x89"\xc6\xea\x9e\x06'...
2025-08-02 09:21:45,882 - ERROR - MainThread - Emotion analysis error: \u0644\u0645 \u064a\u062a\u0645 \u062a\u0647\u064a\u0626\u0629 \u0645\u062d\u0631\u0643\u0627\u062a \u0627\u0644\u0645\u0634\u0627\u0639\u0631
2025-08-02 09:21:53,840 - INFO - MainThread - Encrypted response for \u0627\u062d\u0645\u062f: b'\xbb{\x87u$\x03[\xbe\x9f&g\xa6\xa5T\x89"\xc6\xea\x9e\x06'...
2025-08-02 09:21:59,931 - ERROR - MainThread - Emotion analysis error: \u0644\u0645 \u064a\u062a\u0645 \u062a\u0647\u064a\u0626\u0629 \u0645\u062d\u0631\u0643\u0627\u062a \u0627\u0644\u0645\u0634\u0627\u0639\u0631
2025-08-02 09:22:08,053 - INFO - MainThread - Encrypted response for \u0627\u062d\u0645\u062f: b'\xbb{\x87u$\x03[\xbe\x9f&g\xa6\xa5T\x89"\xc6\xea\x9e\x06'...
2025-08-02 09:22:12,874 - ERROR - MainThread - Emotion analysis error: \u0644\u0645 \u064a\u062a\u0645 \u062a\u0647\u064a\u0626\u0629 \u0645\u062d\u0631\u0643\u0627\u062a \u0627\u0644\u0645\u0634\u0627\u0639\u0631
2025-08-02 09:22:20,692 - INFO - MainThread - Encrypted response for \u0627\u062d\u0645\u062f: b'\xbb{\x87u$\x03[\xbe\x9f&g\xa6\xa5T\x89"\xc6\xea\x9e\x06'...
2025-08-02 09:22:23,089 - ERROR - MainThread - Emotion analysis error: \u0644\u0645 \u064a\u062a\u0645 \u062a\u0647\u064a\u0626\u0629 \u0645\u062d\u0631\u0643\u0627\u062a \u0627\u0644\u0645\u0634\u0627\u0639\u0631
2025-08-02 09:22:31,089 - INFO - MainThread - Encrypted response for \u0627\u062d\u0645\u062f: b'\xbb{\x87u$\x03[\xbe\x9f&g\xa6\xa5T\x89"\xc6\xea\x9e\x06'...
2025-08-02 09:22:33,267 - ERROR - MainThread - Emotion analysis error: \u0644\u0645 \u064a\u062a\u0645 \u062a\u0647\u064a\u0626\u0629 \u0645\u062d\u0631\u0643\u0627\u062a \u0627\u0644\u0645\u0634\u0627\u0639\u0631
2025-08-02 09:22:41,113 - INFO - MainThread - Encrypted response for \u0627\u062d\u0645\u062f: b'\xbb{\x87u$\x03[\xbe\x9f&g\xa6\xa5T\x89"\xc6\xea\x9e\x06'...
2025-08-02 09:23:14,449 - ERROR - MainThread - Emotion analysis error: \u0644\u0645 \u064a\u062a\u0645 \u062a\u0647\u064a\u0626\u0629 \u0645\u062d\u0631\u0643\u0627\u062a \u0627\u0644\u0645\u0634\u0627\u0639\u0631
2025-08-02 09:23:14,449 - INFO - MainThread - Encrypted response for \u0627\u062d\u0645\u062f: b'\xbb{\x85t\x0f\xfb$\xde\xc3{2\x0fF\xf1\x89!>\x94;\x07'...
2025-08-02 09:23:20,588 - ERROR - MainThread - Emotion analysis error: \u0644\u0645 \u064a\u062a\u0645 \u062a\u0647\u064a\u0626\u0629 \u0645\u062d\u0631\u0643\u0627\u062a \u0627\u0644\u0645\u0634\u0627\u0639\u0631
2025-08-02 09:23:20,588 - INFO - MainThread - Encrypted response for \u0627\u062d\u0645\u062f: b'\xbb{\x85t\x0f\xfb$\xde\xc3{2\x0fF\xf1\x89!>\x94;\x07'...
2025-08-02 09:23:47,129 - ERROR - MainThread - Emotion analysis error: \u0644\u0645 \u064a\u062a\u0645 \u062a\u0647\u064a\u0626\u0629 \u0645\u062d\u0631\u0643\u0627\u062a \u0627\u0644\u0645\u0634\u0627\u0639\u0631
2025-08-02 09:23:54,659 - INFO - MainThread - Encrypted response for \u0627\u062d\u0645\u062f: b'\xbb{\x87u$\x03[\xbe\x9f&g\xa6\xa5T\x89%\xc7\xc8\x9e\x07'...
2025-08-02 09:29:02,856 - ERROR - MainThread - Emotion analysis error: \u0644\u0645 \u064a\u062a\u0645 \u062a\u0647\u064a\u0626\u0629 \u0645\u062d\u0631\u0643\u0627\u062a \u0627\u0644\u0645\u0634\u0627\u0639\u0631
2025-08-02 09:29:02,857 - INFO - MainThread - Encrypted response for \u0627\u062d\u0645\u062f: b'\xbbz\xb3u:\xfb.\xdf\xee{5\xf78T\x88\x0f\xc7\xce\x9e\x06'...
2025-08-02 09:29:20,095 - ERROR - MainThread - Emotion analysis error: \u0644\u0645 \u064a\u062a\u0645 \u062a\u0647\u064a\u0626\u0629 \u0645\u062d\u0631\u0643\u0627\u062a \u0627\u0644\u0645\u0634\u0627\u0639\u0631
2025-08-02 09:29:21,339 - INFO - MainThread - Encrypted response for \u0627\u062d\u0645\u062f: b'\xbb{\x87u$\x03[\xbe\x9f&g\xa6\xa5T\x88\x0f\xc7\xc8fx'...
2025-08-02 09:29:43,174 - ERROR - MainThread - Emotion analysis error: \u0644\u0645 \u064a\u062a\u0645 \u062a\u0647\u064a\u0626\u0629 \u0645\u062d\u0631\u0643\u0627\u062a \u0627\u0644\u0645\u0634\u0627\u0639\u0631
2025-08-02 09:29:43,175 - INFO - MainThread - Encrypted response for \u0627\u062d\u0645\u062f: b'\xbbz\xb3u:\xfb.\xdf\xee{5\xf78T\x88\x0f\xc7\xce\x9e\x06'...
2025-08-02 09:29:50,069 - ERROR - MainThread - Emotion analysis error: \u0644\u0645 \u064a\u062a\u0645 \u062a\u0647\u064a\u0626\u0629 \u0645\u062d\u0631\u0643\u0627\u062a \u0627\u0644\u0645\u0634\u0627\u0639\u0631
2025-08-02 09:29:50,069 - INFO - MainThread - Encrypted response for \u0627\u062d\u0645\u062f: b'\xbb{\x85t\x0f\xfb$\xde\xc3{2\x0fF\xf1\x89!>\x94;\x07'...
2025-08-02 10:07:36,928 - ERROR - MainThread - Emotion analysis error: \u0644\u0645 \u064a\u062a\u0645 \u062a\u0647\u064a\u0626\u0629 \u0645\u062d\u0631\u0643\u0627\u062a \u0627\u0644\u0645\u0634\u0627\u0639\u0631
2025-08-02 10:07:36,928 - INFO - MainThread - Encrypted response for \u0627\u062d\u0645\u062f: b'\xbb{\x85t\x0f\xfb$\xde\xc3{2\x0fF\xf1\x89!>\x94;\x07'...
